<?xml version="1.0" encoding="UTF-8"?>
<testsuite name="DAOTestBase" tests="1" skipped="1" failures="0" errors="0" timestamp="2017-06-16T02:40:21" hostname="Lasse" time="0.001">
  <properties/>
  <testcase name="initializationError" classname="DAOTestBase" time="0.001">
    <skipped/>
  </testcase>
  <system-out><![CDATA[]]></system-out>
  <system-err><![CDATA[]]></system-err>
</testsuite>
